<?xml version="1.0" encoding="UTF-8"?>
<testng-results ignored="0" total="1" passed="1" failed="0" skipped="0">
  <reporter-output>
  </reporter-output>
  <suite started-at="2025-01-12T13:20:30 IST" name="Suite" finished-at="2025-01-12T13:20:40 IST" duration-ms="10147">
    <groups>
    </groups>
    <test started-at="2025-01-12T13:20:30 IST" name="Test" finished-at="2025-01-12T13:20:40 IST" duration-ms="10147">
      <class name="testCase.TestCase_001">
        <test-method is-config="true" signature="setup(java.lang.String)[pri:0, instance:testCase.TestCase_001@66565121]" started-at="2025-01-12T13:20:30 IST" name="setup" finished-at="2025-01-12T13:20:36 IST" duration-ms="6553" status="PASS">
          <params>
            <param index="0">
              <value>
                <![CDATA[edge]]>
              </value>
            </param>
          </params>
          <reporter-output>
          </reporter-output>
        </test-method> <!-- setup -->
        <test-method signature="TestCase1()[pri:0, instance:testCase.TestCase_001@66565121]" started-at="2025-01-12T13:20:36 IST" name="TestCase1" finished-at="2025-01-12T13:20:39 IST" duration-ms="2234" status="PASS">
          <reporter-output>
          </reporter-output>
        </test-method> <!-- TestCase1 -->
        <test-method is-config="true" signature="teardown()[pri:0, instance:testCase.TestCase_001@66565121]" started-at="2025-01-12T13:20:39 IST" name="teardown" finished-at="2025-01-12T13:20:40 IST" duration-ms="1312" status="PASS">
          <reporter-output>
          </reporter-output>
        </test-method> <!-- teardown -->
      </class> <!-- testCase.TestCase_001 -->
    </test> <!-- Test -->
  </suite> <!-- Suite -->
</testng-results>
